[02:56:21] [main/INFO]: Setting user: ForgeDevName
[02:56:22] [Client thread/INFO]: LWJGL Version: 2.9.1
[02:56:26] [Client thread/INFO]: Reloading ResourceManager: Default, FMLFileResourcePack:Forge Mod Loader, FMLFileResourcePack:Minecraft Forge, FMLFileResourcePack:Recursive Pickaxe
[02:56:27] [Sound Library Loader/INFO]: Sound engine started
[02:56:27] [Client thread/INFO]: Created: 512x256 textures/blocks-atlas
[02:56:27] [Client thread/INFO]: Created: 256x256 textures/items-atlas
[02:56:27] [Client thread/INFO]: Reloading ResourceManager: Default, FMLFileResourcePack:Forge Mod Loader, FMLFileResourcePack:Minecraft Forge, FMLFileResourcePack:Recursive Pickaxe
[02:56:27] [Client thread/INFO]: Created: 256x256 textures/items-atlas
[02:56:28] [Client thread/INFO]: Created: 512x256 textures/blocks-atlas
[02:56:28] [Sound Library Loader/INFO]: Sound engine started
[02:56:31] [Server thread/INFO]: Starting integrated minecraft server version 1.7.10
[02:56:31] [Server thread/INFO]: Generating keypair
[02:56:32] [Server thread/INFO]: Preparing start region for level 0
[02:56:32] [Server thread/INFO]: Changing view distance to 12, from 10
[02:56:32] [Server thread/INFO]: ForgeDevName[local:E:0a72874a] logged in with entity id 0 at (-1164.04999998416, 58.250296301034375, 103.69999998807907)
[02:56:32] [Server thread/INFO]: ForgeDevName joined the game
[02:56:43] [Server thread/INFO]: [ForgeDevName: Set own game mode to Survival Mode]
[02:56:43] [Client thread/INFO]: [CHAT] Your game mode has been updated
[02:58:01] [Server thread/INFO]: Saving and pausing game...
[02:58:01] [Server thread/INFO]: Saving chunks for level 'New World'/Overworld
[02:58:01] [Server thread/INFO]: Saving chunks for level 'New World'/Nether
[02:58:01] [Server thread/INFO]: Saving chunks for level 'New World'/The End
[02:58:02] [Server thread/INFO]: Stopping server
[02:58:02] [Server thread/INFO]: Saving players
[02:58:02] [Server thread/INFO]: Saving worlds
[02:58:02] [Server thread/INFO]: Saving chunks for level 'New World'/Overworld
[02:58:02] [Server thread/INFO]: Saving chunks for level 'New World'/Nether
[02:58:02] [Server thread/INFO]: Saving chunks for level 'New World'/The End
[02:58:05] [Client thread/INFO]: Stopping!
